<?xml version="1.0" encoding="UTF-8"?>
<!-- Generated by org.testng.reporters.JUnitReportReporter -->
<testsuite hostname="DESKTOP-QG9A72N" failures="0" tests="7" name="test.Inbox" time="197.265" errors="0" timestamp="2022-03-02T18:43:55 BDT" skipped="0">
  <testcase classname="test.Inbox" name="inboxTest" time="72.547"/>
  <system-out/>
  <testcase classname="test.Inbox" name="Directpostard" time="29.572"/>
  <system-out/>
  <testcase classname="test.Inbox" name="Directgrettingcard" time="21.921"/>
  <system-out/>
  <testcase classname="test.Inbox" name="Directgiftcard" time="28.977"/>
  <system-out/>
  <testcase classname="test.Inbox" name="chat" time="28.695"/>
  <system-out/>
  <testcase classname="test.Inbox" name="important" time="9.373"/>
  <system-out/>
  <testcase classname="test.Inbox" name="read" time="6.180"/>
  <system-out/>
</testsuite> <!-- test.Inbox -->
