<?xml version="1.0" encoding="UTF-8"?>
<!-- Generated by org.testng.reporters.JUnitReportReporter -->
<testsuite hostname="DESKTOP-QG9A72N" failures="0" tests="1" name="test.Deal" time="54.984" errors="0" timestamp="2022-03-02T19:06:25 BDT" skipped="0">
  <testcase classname="test.Deal" name="createpipeline" time="54.984"/>
  <system-out/>
</testsuite> <!-- test.Deal -->
